This file contains any messages produced by compilers while
running configure, to aid debugging if configure makes a mistake.

It was created by OLCAO configure 0.6, which was
generated by GNU Autoconf 2.67.  Invocation command line was

  $ ../configure --with-hdf5-dir=/usr

## --------- ##
## Platform. ##
## --------- ##

hostname = Earthling
uname -m = i686
uname -r = 2.6.35-28-generic-pae
uname -s = Linux
uname -v = #50-Ubuntu SMP Fri Mar 18 20:43:15 UTC 2011

/usr/bin/uname -p = unknown
/bin/uname -X     = unknown

/bin/arch              = unknown
/usr/bin/arch -k       = unknown
/usr/convex/getsysinfo = unknown
/usr/bin/hostinfo      = unknown
/bin/machine           = unknown
/usr/bin/oslevel       = unknown
/bin/universe          = unknown

PATH: /usr/local/sbin
PATH: /usr/local/bin
PATH: /usr/sbin
PATH: /usr/bin
PATH: /sbin
PATH: /bin
PATH: /usr/games


## ----------- ##
## Core tests. ##
## ----------- ##

configure:1892: checking for a BSD-compatible install
configure:1960: result: /usr/bin/install -c
configure:1971: checking whether build environment is sane
configure:2021: result: yes
configure:2162: checking for a thread-safe mkdir -p
configure:2201: result: /bin/mkdir -p
configure:2214: checking for gawk
configure:2244: result: no
configure:2214: checking for mawk
configure:2230: found /usr/bin/mawk
configure:2241: result: mawk
configure:2252: checking whether make sets $(MAKE)
configure:2274: result: yes
configure:2368: checking for style of include used by make
configure:2396: result: GNU
configure:2466: checking for gcc
configure:2482: found /usr/bin/gcc
configure:2493: result: gcc
configure:2722: checking for C compiler version
configure:2731: gcc --version >&5
gcc (Ubuntu/Linaro 4.4.4-14ubuntu5) 4.4.5
Copyright (C) 2010 Free Software Foundation, Inc.
This is free software; see the source for copying conditions.  There is NO
warranty; not even for MERCHANTABILITY or FITNESS FOR A PARTICULAR PURPOSE.

configure:2742: $? = 0
configure:2731: gcc -v >&5
Using built-in specs.
Target: i686-linux-gnu
Configured with: ../src/configure -v --with-pkgversion='Ubuntu/Linaro 4.4.4-14ubuntu5' --with-bugurl=file:///usr/share/doc/gcc-4.4/README.Bugs --enable-languages=c,c++,fortran,objc,obj-c++ --prefix=/usr --program-suffix=-4.4 --enable-shared --enable-multiarch --enable-linker-build-id --with-system-zlib --libexecdir=/usr/lib --without-included-gettext --enable-threads=posix --with-gxx-include-dir=/usr/include/c++/4.4 --libdir=/usr/lib --enable-nls --with-sysroot=/ --enable-clocale=gnu --enable-libstdcxx-debug --enable-objc-gc --enable-targets=all --disable-werror --with-arch-32=i686 --with-tune=generic --enable-checking=release --build=i686-linux-gnu --host=i686-linux-gnu --target=i686-linux-gnu
Thread model: posix
gcc version 4.4.5 (Ubuntu/Linaro 4.4.4-14ubuntu5) 
configure:2742: $? = 0
configure:2731: gcc -V >&5
gcc: '-V' option must have argument
configure:2742: $? = 1
configure:2731: gcc -qversion >&5
gcc: unrecognized option '-qversion'
gcc: no input files
configure:2742: $? = 1
configure:2762: checking whether the C compiler works
configure:2784: gcc    conftest.c  >&5
configure:2788: $? = 0
configure:2836: result: yes
configure:2839: checking for C compiler default output file name
configure:2841: result: a.out
configure:2847: checking for suffix of executables
configure:2854: gcc -o conftest    conftest.c  >&5
configure:2858: $? = 0
configure:2880: result: 
configure:2902: checking whether we are cross compiling
configure:2910: gcc -o conftest    conftest.c  >&5
configure:2914: $? = 0
configure:2921: ./conftest
configure:2925: $? = 0
configure:2940: result: no
configure:2945: checking for suffix of object files
configure:2967: gcc -c   conftest.c >&5
configure:2971: $? = 0
configure:2992: result: o
configure:2996: checking whether we are using the GNU C compiler
configure:3015: gcc -c   conftest.c >&5
configure:3015: $? = 0
configure:3024: result: yes
configure:3033: checking whether gcc accepts -g
configure:3053: gcc -c -g  conftest.c >&5
configure:3053: $? = 0
configure:3094: result: yes
configure:3111: checking for gcc option to accept ISO C89
configure:3175: gcc  -c -g -O2  conftest.c >&5
configure:3175: $? = 0
configure:3188: result: none needed
configure:3210: checking dependency style of gcc
configure:3320: result: gcc3
configure:3336: checking for dstevx in -llapack
configure:3361: gcc -o conftest -g -O2   conftest.c -llapack   >&5
/tmp/ccihJP24.o: In function `main':
/home/paul/programs/olcao/v0.6/trunk/olcao/debug/conftest.c:22: undefined reference to `dstevx'
collect2: ld returned 1 exit status
configure:3361: $? = 1
configure: failed program was:
| /* confdefs.h */
| #define PACKAGE_NAME "OLCAO"
| #define PACKAGE_TARNAME "olcao"
| #define PACKAGE_VERSION "0.6"
| #define PACKAGE_STRING "OLCAO 0.6"
| #define PACKAGE_BUGREPORT "rulisp@umkc.edu"
| #define PACKAGE_URL ""
| #define PACKAGE "olcao"
| #define VERSION "0.6"
| /* end confdefs.h.  */
| 
| /* Override any GCC internal prototype to avoid an error.
|    Use char because int might match the return type of a GCC
|    builtin and then its argument prototype would still apply.  */
| #ifdef __cplusplus
| extern "C"
| #endif
| char dstevx ();
| int
| main ()
| {
| return dstevx ();
|   ;
|   return 0;
| }
configure:3370: result: no
configure:3381: checking for zherk in -lblas
configure:3406: gcc -o conftest -g -O2   conftest.c -lblas   >&5
/tmp/cca0gP09.o: In function `main':
/home/paul/programs/olcao/v0.6/trunk/olcao/debug/conftest.c:22: undefined reference to `zherk'
collect2: ld returned 1 exit status
configure:3406: $? = 1
configure: failed program was:
| /* confdefs.h */
| #define PACKAGE_NAME "OLCAO"
| #define PACKAGE_TARNAME "olcao"
| #define PACKAGE_VERSION "0.6"
| #define PACKAGE_STRING "OLCAO 0.6"
| #define PACKAGE_BUGREPORT "rulisp@umkc.edu"
| #define PACKAGE_URL ""
| #define PACKAGE "olcao"
| #define VERSION "0.6"
| /* end confdefs.h.  */
| 
| /* Override any GCC internal prototype to avoid an error.
|    Use char because int might match the return type of a GCC
|    builtin and then its argument prototype would still apply.  */
| #ifdef __cplusplus
| extern "C"
| #endif
| char zherk ();
| int
| main ()
| {
| return zherk ();
|   ;
|   return 0;
| }
configure:3415: result: no
configure:3426: checking for zherk in -lveclib
configure:3451: gcc -o conftest -g -O2   conftest.c -lveclib   >&5
/usr/bin/ld: cannot find -lveclib
collect2: ld returned 1 exit status
configure:3451: $? = 1
configure: failed program was:
| /* confdefs.h */
| #define PACKAGE_NAME "OLCAO"
| #define PACKAGE_TARNAME "olcao"
| #define PACKAGE_VERSION "0.6"
| #define PACKAGE_STRING "OLCAO 0.6"
| #define PACKAGE_BUGREPORT "rulisp@umkc.edu"
| #define PACKAGE_URL ""
| #define PACKAGE "olcao"
| #define VERSION "0.6"
| /* end confdefs.h.  */
| 
| /* Override any GCC internal prototype to avoid an error.
|    Use char because int might match the return type of a GCC
|    builtin and then its argument prototype would still apply.  */
| #ifdef __cplusplus
| extern "C"
| #endif
| char zherk ();
| int
| main ()
| {
| return zherk ();
|   ;
|   return 0;
| }
configure:3460: result: no
configure:3490: checking for /usr/lib/libhdf5_fortran.so.6
configure:3504: result: yes
configure:3544: checking for fpp
configure:3577: result: no
configure:3855: creating ./config.status

## ---------------------- ##
## Running config.status. ##
## ---------------------- ##

This file was extended by OLCAO config.status 0.6, which was
generated by GNU Autoconf 2.67.  Invocation command line was

  CONFIG_FILES    = 
  CONFIG_HEADERS  = 
  CONFIG_LINKS    = 
  CONFIG_COMMANDS = 
  $ ./config.status 

on Earthling

config.status:859: creating Makefile
config.status:859: creating src/Makefile
config.status:859: creating src/makeKPoints/Makefile
config.status:859: creating src/atomSCF/Makefile
config.status:859: creating src/gaussFit/Makefile
config.status:859: creating src/contract/Makefile
config.status:859: creating src/applySpaceGroup/Makefile
config.status:859: creating src/olcao/Makefile
config.status:859: creating src/olcao/real/Makefile
config.status:859: creating src/olcao/complex/Makefile
config.status:859: creating src/olcao/auxiliary/Makefile
config.status:859: creating src/scripts/Makefile
config.status:859: creating config.h
config.status:1024: config.h is unchanged
config.status:1072: executing depfiles commands

## ---------------- ##
## Cache variables. ##
## ---------------- ##

ac_cv_c_compiler_gnu=yes
ac_cv_env_CC_set=
ac_cv_env_CC_value=
ac_cv_env_CFLAGS_set=
ac_cv_env_CFLAGS_value=
ac_cv_env_CPPFLAGS_set=
ac_cv_env_CPPFLAGS_value=
ac_cv_env_CPP_set=
ac_cv_env_CPP_value=
ac_cv_env_LDFLAGS_set=
ac_cv_env_LDFLAGS_value=
ac_cv_env_LIBS_set=
ac_cv_env_LIBS_value=
ac_cv_env_build_alias_set=
ac_cv_env_build_alias_value=
ac_cv_env_host_alias_set=
ac_cv_env_host_alias_value=
ac_cv_env_target_alias_set=
ac_cv_env_target_alias_value=
ac_cv_file__usr_lib_libhdf5_fortran_so_6=yes
ac_cv_have_hdf5=yes
ac_cv_lib_blas_zherk=no
ac_cv_lib_lapack_dstevx=no
ac_cv_lib_veclib_zherk=no
ac_cv_objext=o
ac_cv_path_install='/usr/bin/install -c'
ac_cv_path_mkdir=/bin/mkdir
ac_cv_prog_AWK=mawk
ac_cv_prog_ac_ct_CC=gcc
ac_cv_prog_cc_c89=
ac_cv_prog_cc_g=yes
ac_cv_prog_make_make_set=yes
am_cv_CC_dependencies_compiler_type=gcc3

## ----------------- ##
## Output variables. ##
## ----------------- ##

ACLOCAL='${SHELL} /home/paul/programs/olcao/v0.6/trunk/olcao/missing --run aclocal-1.11'
AMDEPBACKSLASH='\'
AMDEP_FALSE='#'
AMDEP_TRUE=''
AMTAR='${SHELL} /home/paul/programs/olcao/v0.6/trunk/olcao/missing --run tar'
AUTOCONF='${SHELL} /home/paul/programs/olcao/v0.6/trunk/olcao/missing --run autoconf'
AUTOHEADER='${SHELL} /home/paul/programs/olcao/v0.6/trunk/olcao/missing --run autoheader'
AUTOMAKE='${SHELL} /home/paul/programs/olcao/v0.6/trunk/olcao/missing --run automake-1.11'
AWK='mawk'
CC='gcc'
CCDEPMODE='depmode=gcc3'
CFLAGS='-g -O2'
CPP=''
CPPFLAGS='-Wp,-C,-P'
CYGPATH_W='echo'
DEFS='-DHAVE_CONFIG_H'
DEPDIR='.deps'
ECHO_C=''
ECHO_N='-n'
ECHO_T=''
EXEEXT=''
FC='h5fc'
FCFLAGS='-I${HDF5_DIR}/include -L${HDF5_DIR}/lib -I${HDF5_DIR}/lib -fimplicit-none -Wall -O3 -llapack -lblas '
HDF5_DIR='/usr'
INSTALL_DATA='${INSTALL} -m 644'
INSTALL_PROGRAM='${INSTALL}'
INSTALL_SCRIPT='${INSTALL}'
INSTALL_STRIP_PROGRAM='$(install_sh) -c -s'
LDFLAGS=''
LIBOBJS=''
LIBS=''
LTLIBOBJS=''
MAKEINFO='${SHELL} /home/paul/programs/olcao/v0.6/trunk/olcao/missing --run makeinfo'
MKDIR_P='/bin/mkdir -p'
OBJEXT='o'
PACKAGE='olcao'
PACKAGE_BUGREPORT='rulisp@umkc.edu'
PACKAGE_NAME='OLCAO'
PACKAGE_STRING='OLCAO 0.6'
PACKAGE_TARNAME='olcao'
PACKAGE_URL=''
PACKAGE_VERSION='0.6'
PATH_SEPARATOR=':'
SET_MAKE=''
SHELL='/bin/bash'
STRIP=''
VERSION='0.6'
ac_ct_CC='gcc'
am__EXEEXT_FALSE=''
am__EXEEXT_TRUE='#'
am__fastdepCC_FALSE='#'
am__fastdepCC_TRUE=''
am__include='include'
am__isrc=' -I$(srcdir)'
am__leading_dot='.'
am__quote=''
am__tar='${AMTAR} chof - "$$tardir"'
am__untar='${AMTAR} xf -'
bindir='${exec_prefix}/bin'
build_alias=''
datadir='${datarootdir}'
datarootdir='${prefix}/share'
docdir='${datarootdir}/doc/${PACKAGE_TARNAME}'
dvidir='${docdir}'
exec_prefix='${prefix}'
host_alias=''
htmldir='${docdir}'
includedir='${prefix}/include'
infodir='${datarootdir}/info'
install_sh='${SHELL} /home/paul/programs/olcao/v0.6/trunk/olcao/install-sh'
libdir='${exec_prefix}/lib'
libexecdir='${exec_prefix}/libexec'
localedir='${datarootdir}/locale'
localstatedir='${prefix}/var'
mandir='${datarootdir}/man'
mkdir_p='/bin/mkdir -p'
oldincludedir='/usr/include'
pdfdir='${docdir}'
prefix='/usr/local'
program_transform_name='s,x,x,'
psdir='${docdir}'
sbindir='${exec_prefix}/sbin'
sharedstatedir='${prefix}/com'
sysconfdir='${prefix}/etc'
target_alias=''

## ----------- ##
## confdefs.h. ##
## ----------- ##

/* confdefs.h */
#define PACKAGE_NAME "OLCAO"
#define PACKAGE_TARNAME "olcao"
#define PACKAGE_VERSION "0.6"
#define PACKAGE_STRING "OLCAO 0.6"
#define PACKAGE_BUGREPORT "rulisp@umkc.edu"
#define PACKAGE_URL ""
#define PACKAGE "olcao"
#define VERSION "0.6"
#define HAVE_HDF5 1

configure: exit 0
