This file contains any messages produced by compilers while
running configure, to aid debugging if configure makes a mistake.

It was created by OLCAO configure 0.6, which was
generated by GNU Autoconf 2.59.  Invocation command line was

  $ ../configure --prefix=/user/usera/rulisp/CPG/cpg-repo/v29-pmirror

## --------- ##
## Platform. ##
## --------- ##

hostname = kc-isfs-sirius.kc.umkc.edu
uname -m = x86_64
uname -r = 2.6.18-398.el5
uname -s = Linux
uname -v = #1 SMP Tue Aug 12 06:26:17 EDT 2014

/usr/bin/uname -p = unknown
/bin/uname -X     = unknown

/bin/arch              = x86_64
/usr/bin/arch -k       = unknown
/usr/convex/getsysinfo = unknown
hostinfo               = unknown
/bin/machine           = unknown
/usr/bin/oslevel       = unknown
/bin/universe          = unknown

PATH: /user/usera/rulisp/CPG/cpg-repo/v29-pmirror/bin
PATH: /user/usera/rulisp/bin
PATH: /user/usera/rulisp/programs/amber/amber9/exe
PATH: /usr/kerberos/bin
PATH: /usr/local/bin
PATH: /bin
PATH: /usr/bin


## ----------- ##
## Core tests. ##
## ----------- ##

configure:1325: checking for a BSD-compatible install
configure:1380: result: /usr/bin/install -c
configure:1391: checking whether build environment is sane
configure:1434: result: yes
configure:1499: checking for gawk
configure:1515: found /bin/gawk
configure:1525: result: gawk
configure:1535: checking whether make sets $(MAKE)
configure:1555: result: yes
configure:1768: checking for style of include used by make
configure:1796: result: GNU
configure:1867: checking for gcc
configure:1883: found /usr/bin/gcc
configure:1893: result: gcc
configure:2137: checking for C compiler version
configure:2140: gcc --version </dev/null >&5
gcc (GCC) 4.1.2 20080704 (Red Hat 4.1.2-55)
Copyright (C) 2006 Free Software Foundation, Inc.
This is free software; see the source for copying conditions.  There is NO
warranty; not even for MERCHANTABILITY or FITNESS FOR A PARTICULAR PURPOSE.

configure:2143: $? = 0
configure:2145: gcc -v </dev/null >&5
Using built-in specs.
Target: x86_64-redhat-linux
Configured with: ../configure --prefix=/usr --mandir=/usr/share/man --infodir=/usr/share/info --enable-shared --enable-threads=posix --enable-checking=release --with-system-zlib --enable-__cxa_atexit --disable-libunwind-exceptions --enable-libgcj-multifile --enable-languages=c,c++,objc,obj-c++,java,fortran,ada --enable-java-awt=gtk --disable-dssi --disable-plugin --with-java-home=/usr/lib/jvm/java-1.4.2-gcj-1.4.2.0/jre --with-cpu=generic --host=x86_64-redhat-linux
Thread model: posix
gcc version 4.1.2 20080704 (Red Hat 4.1.2-55)
configure:2148: $? = 0
configure:2150: gcc -V </dev/null >&5
gcc: '-V' option must have argument
configure:2153: $? = 1
configure:2176: checking for C compiler default output file name
configure:2179: gcc   -L/usr/lib64 -llapack -lblas conftest.c  >&5
configure:2182: $? = 0
configure:2228: result: a.out
configure:2233: checking whether the C compiler works
configure:2239: ./a.out
configure:2242: $? = 0
configure:2259: result: yes
configure:2266: checking whether we are cross compiling
configure:2268: result: no
configure:2271: checking for suffix of executables
configure:2273: gcc -o conftest   -L/usr/lib64 -llapack -lblas conftest.c  >&5
configure:2276: $? = 0
configure:2301: result: 
configure:2307: checking for suffix of object files
configure:2328: gcc -c   conftest.c >&5
configure:2331: $? = 0
configure:2353: result: o
configure:2357: checking whether we are using the GNU C compiler
configure:2381: gcc -c   conftest.c >&5
configure:2387: $? = 0
configure:2391: test -z 
			 || test ! -s conftest.err
configure:2394: $? = 0
configure:2397: test -s conftest.o
configure:2400: $? = 0
configure:2413: result: yes
configure:2419: checking whether gcc accepts -g
configure:2440: gcc -c -g  conftest.c >&5
configure:2446: $? = 0
configure:2450: test -z 
			 || test ! -s conftest.err
configure:2453: $? = 0
configure:2456: test -s conftest.o
configure:2459: $? = 0
configure:2470: result: yes
configure:2487: checking for gcc option to accept ANSI C
configure:2557: gcc  -c -g -O2  conftest.c >&5
configure:2563: $? = 0
configure:2567: test -z 
			 || test ! -s conftest.err
configure:2570: $? = 0
configure:2573: test -s conftest.o
configure:2576: $? = 0
configure:2594: result: none needed
configure:2612: gcc -c -g -O2  conftest.c >&5
conftest.c:2: error: expected '=', ',', ';', 'asm' or '__attribute__' before 'me'
configure:2618: $? = 1
configure: failed program was:
| #ifndef __cplusplus
|   choke me
| #endif
configure:2753: checking dependency style of gcc
configure:2843: result: gcc3
configure:2865: checking how to run the C preprocessor
configure:2900: gcc -E  conftest.c
configure:2906: $? = 0
configure:2938: gcc -E  conftest.c
conftest.c:11:28: error: ac_nonexistent.h: No such file or directory
configure:2944: $? = 1
configure: failed program was:
| /* confdefs.h.  */
| 
| #define PACKAGE_NAME "OLCAO"
| #define PACKAGE_TARNAME "olcao"
| #define PACKAGE_VERSION "0.6"
| #define PACKAGE_STRING "OLCAO 0.6"
| #define PACKAGE_BUGREPORT "rulisp@umkc.edu"
| #define PACKAGE "olcao"
| #define VERSION "0.6"
| /* end confdefs.h.  */
| #include <ac_nonexistent.h>
configure:2983: result: gcc -E
configure:3007: gcc -E  conftest.c
configure:3013: $? = 0
configure:3045: gcc -E  conftest.c
conftest.c:11:28: error: ac_nonexistent.h: No such file or directory
configure:3051: $? = 1
configure: failed program was:
| /* confdefs.h.  */
| 
| #define PACKAGE_NAME "OLCAO"
| #define PACKAGE_TARNAME "olcao"
| #define PACKAGE_VERSION "0.6"
| #define PACKAGE_STRING "OLCAO 0.6"
| #define PACKAGE_BUGREPORT "rulisp@umkc.edu"
| #define PACKAGE "olcao"
| #define VERSION "0.6"
| /* end confdefs.h.  */
| #include <ac_nonexistent.h>
configure:3214: creating ./config.status

## ---------------------- ##
## Running config.status. ##
## ---------------------- ##

This file was extended by OLCAO config.status 0.6, which was
generated by GNU Autoconf 2.59.  Invocation command line was

  CONFIG_FILES    = 
  CONFIG_HEADERS  = 
  CONFIG_LINKS    = 
  CONFIG_COMMANDS = 
  $ ./config.status 

on kc-isfs-sirius.kc.umkc.edu

config.status:703: creating Makefile
config.status:703: creating src/Makefile
config.status:703: creating src/makeKPoints/Makefile
config.status:703: creating src/atomSCF/Makefile
config.status:703: creating src/gaussFit/Makefile
config.status:703: creating src/contract/Makefile
config.status:703: creating src/applySpaceGroup/Makefile
config.status:703: creating src/olcao/Makefile
config.status:703: creating src/olcao/real/Makefile
config.status:703: creating src/olcao/complex/Makefile
config.status:703: creating src/olcao/auxiliary/Makefile
config.status:703: creating src/scripts/Makefile
config.status:703: creating src/data/Makefile
config.status:800: creating config.h
config.status:886: config.h is unchanged
config.status:1066: executing depfiles commands

## ---------------- ##
## Cache variables. ##
## ---------------- ##

ac_cv_c_compiler_gnu=yes
ac_cv_env_CC_set=
ac_cv_env_CC_value=
ac_cv_env_CFLAGS_set=
ac_cv_env_CFLAGS_value=
ac_cv_env_CPPFLAGS_set=
ac_cv_env_CPPFLAGS_value=
ac_cv_env_CPP_set=
ac_cv_env_CPP_value=
ac_cv_env_FCFLAGS_set=set
ac_cv_env_FCFLAGS_value='-fimplicit-none -Wall -O3'
ac_cv_env_FC_set=set
ac_cv_env_FC_value=h5fc
ac_cv_env_LDFLAGS_set=set
ac_cv_env_LDFLAGS_value='-L/usr/lib64 -llapack -lblas'
ac_cv_env_build_alias_set=
ac_cv_env_build_alias_value=
ac_cv_env_host_alias_set=
ac_cv_env_host_alias_value=
ac_cv_env_target_alias_set=
ac_cv_env_target_alias_value=
ac_cv_exeext=
ac_cv_objext=o
ac_cv_path_install='/usr/bin/install -c'
ac_cv_prog_AWK=gawk
ac_cv_prog_CPP='gcc -E'
ac_cv_prog_ac_ct_CC=gcc
ac_cv_prog_cc_g=yes
ac_cv_prog_cc_stdc=
ac_cv_prog_make_make_set=yes
am_cv_CC_dependencies_compiler_type=gcc3

## ----------------- ##
## Output variables. ##
## ----------------- ##

ACLOCAL='${SHELL} /user/usera/rulisp/CPG/cpg-repo/v29-pmirror/missing --run aclocal-1.9'
AMDEPBACKSLASH='\'
AMDEP_FALSE='#'
AMDEP_TRUE=''
AMTAR='${SHELL} /user/usera/rulisp/CPG/cpg-repo/v29-pmirror/missing --run tar'
AUTOCONF='${SHELL} /user/usera/rulisp/CPG/cpg-repo/v29-pmirror/missing --run autoconf'
AUTOHEADER='${SHELL} /user/usera/rulisp/CPG/cpg-repo/v29-pmirror/missing --run autoheader'
AUTOMAKE='${SHELL} /user/usera/rulisp/CPG/cpg-repo/v29-pmirror/missing --run automake-1.9'
AWK='gawk'
CC='gcc'
CCDEPMODE='depmode=gcc3'
CFLAGS='-g -O2'
CPP='gcc -E'
CPPFLAGS=''
CYGPATH_W='echo'
DEFS='-DHAVE_CONFIG_H'
DEPDIR='.deps'
ECHO_C=''
ECHO_N='-n'
ECHO_T=''
EXEEXT=''
FC='h5pfc'
FCFLAGS='-fimplicit-none -Wall -O3'
INSTALL_DATA='${INSTALL} -m 644'
INSTALL_PROGRAM='${INSTALL}'
INSTALL_SCRIPT='${INSTALL}'
INSTALL_STRIP_PROGRAM='${SHELL} $(install_sh) -c -s'
LDFLAGS='-L/usr/lib64 -llapack -lblas'
LIBOBJS=''
LIBS=''
LTLIBOBJS=''
MAKEINFO='${SHELL} /user/usera/rulisp/CPG/cpg-repo/v29-pmirror/missing --run makeinfo'
OBJEXT='o'
PACKAGE='olcao'
PACKAGE_BUGREPORT='rulisp@umkc.edu'
PACKAGE_NAME='OLCAO'
PACKAGE_STRING='OLCAO 0.6'
PACKAGE_TARNAME='olcao'
PACKAGE_VERSION='0.6'
PATH_SEPARATOR=':'
SET_MAKE=''
SHELL='/bin/sh'
STRIP=''
VERSION='0.6'
ac_ct_CC='gcc'
ac_ct_STRIP=''
am__fastdepCC_FALSE='#'
am__fastdepCC_TRUE=''
am__include='include'
am__leading_dot='.'
am__quote=''
am__tar='${AMTAR} chof - "$$tardir"'
am__untar='${AMTAR} xf -'
bindir='${exec_prefix}/bin'
build_alias=''
datadir='${prefix}/share'
exec_prefix='${prefix}'
host_alias=''
includedir='${prefix}/include'
infodir='${prefix}/info'
install_sh='/user/usera/rulisp/CPG/cpg-repo/v29-pmirror/install-sh'
libdir='${exec_prefix}/lib'
libexecdir='${exec_prefix}/libexec'
localstatedir='${prefix}/var'
mandir='${prefix}/man'
mkdir_p='mkdir -p --'
oldincludedir='/usr/include'
perllibdir='$(bindir)/perl5'
prefix='/user/usera/rulisp/CPG/cpg-repo/v29-pmirror'
program_transform_name='s,x,x,'
sbindir='${exec_prefix}/sbin'
sharedstatedir='${prefix}/com'
sysconfdir='${prefix}/etc'
target_alias=''

## ----------- ##
## confdefs.h. ##
## ----------- ##

#define PACKAGE "olcao"
#define PACKAGE_BUGREPORT "rulisp@umkc.edu"
#define PACKAGE_NAME "OLCAO"
#define PACKAGE_STRING "OLCAO 0.6"
#define PACKAGE_TARNAME "olcao"
#define PACKAGE_VERSION "0.6"
#define VERSION "0.6"

configure: exit 0

## ---------------------- ##
## Running config.status. ##
## ---------------------- ##

This file was extended by OLCAO config.status 0.6, which was
generated by GNU Autoconf 2.59.  Invocation command line was

  CONFIG_FILES    = 
  CONFIG_HEADERS  = 
  CONFIG_LINKS    = 
  CONFIG_COMMANDS = 
  $ ./config.status src/olcao/complex/Makefile

on kc-isfs-sirius.kc.umkc.edu

config.status:703: creating src/olcao/complex/Makefile

## ---------------------- ##
## Running config.status. ##
## ---------------------- ##

This file was extended by OLCAO config.status 0.6, which was
generated by GNU Autoconf 2.59.  Invocation command line was

  CONFIG_FILES    = 
  CONFIG_HEADERS  = 
  CONFIG_LINKS    = 
  CONFIG_COMMANDS = 
  $ ./config.status src/olcao/real/Makefile

on kc-isfs-sirius.kc.umkc.edu

config.status:703: creating src/olcao/real/Makefile

## ---------------------- ##
## Running config.status. ##
## ---------------------- ##

This file was extended by OLCAO config.status 0.6, which was
generated by GNU Autoconf 2.59.  Invocation command line was

  CONFIG_FILES    = 
  CONFIG_HEADERS  = 
  CONFIG_LINKS    = 
  CONFIG_COMMANDS = 
  $ ./config.status src/scripts/Makefile

on kc-isfs-sirius.kc.umkc.edu

config.status:703: creating src/scripts/Makefile

## ---------------------- ##
## Running config.status. ##
## ---------------------- ##

This file was extended by OLCAO config.status 0.6, which was
generated by GNU Autoconf 2.59.  Invocation command line was

  CONFIG_FILES    = 
  CONFIG_HEADERS  = 
  CONFIG_LINKS    = 
  CONFIG_COMMANDS = 
  $ ./config.status src/scripts/Makefile

on kc-isfs-sirius.kc.umkc.edu

config.status:703: creating src/scripts/Makefile
