 
***************************************************
*************  Parse The Command Line  ************
Date is: 2019/06/13 Time is: 20:40:32.709
 
 basisCode =            2
 1=MB; 2=FB; 3=EB
 
 doSYBD =            1
 excitedQN_n =            0
 excitedQN_l =            0
 
 
Date is: 2019/06/13 Time is: 20:40:32.709
*************  Parse The Command Line  ************
***************************************************
 
 
***************************************************
***************  Parse Input Files  ***************
Date is: 2019/06/13 Time is: 20:40:32.709
 
TITLE
empty                                                                           
END_TITLE                                                                       
NUM_ATOM_TYPES
              2
ATOM_TYPE_ID__SEQUENTIAL_NUMBER
   1   1   1   1
ATOM_TYPE_LABEL
 b1_1                                                                  
NUM_ALPHA_S_P_D_F
  20  20   0   0
ALPHAS
    0.12000000D+00    0.23711531D+00    0.46853060D+00    0.92579816D+00
    0.18293410D+01    0.36147064D+01    0.71425186D+01    0.14113338D+02
    0.27887404D+02    0.55104421D+02    0.10888418D+03    0.21515090D+03
    0.42512977D+03    0.84003981D+03    0.16598859D+04    0.32798696D+04
    0.64808943D+04    0.12805994D+05    0.25304144D+05    0.50000000D+05
NUM_CORE_RADIAL_FNS
   1   1   1
NL_RADIAL_FUNCTIONS
   1   1
   1   0   0   2   1
    0.23252983D-04   -0.16531288D-03   -0.24586730D-02   -0.12073827D+00
   -0.78081032D+00   -0.19683834D+01   -0.29406701D+01   -0.31553671D+01
   -0.28888958D+01   -0.23483790D+01   -0.17814575D+01   -0.13181771D+01
   -0.93058857D+00   -0.70604835D+00   -0.43512922D+00   -0.42781424D+00
   -0.11109165D+00   -0.37650861D+00    0.13167867D+00   -0.31278632D+00
NUM_VALE_RADIAL_FNS
   2   4   6
NL_RADIAL_FUNCTIONS
   1   1
   2   0   0   2   1
   -0.34313576D+00   -0.94606954D-01   -0.59802040D+00    0.27874204D+00
    0.19722842D+00    0.89956833D+00    0.67990653D+00    0.94037398D+00
    0.56614149D+00    0.63052406D+00    0.32332685D+00    0.35442603D+00
    0.15619234D+00    0.19560182D+00    0.64191666D-01    0.11891918D+00
    0.60211119D-02    0.95382951D-01   -0.35852494D-01    0.71085847D-01
   1   2
   3   0   0   2   1
    0.18234901D+01   -0.45467999D+01    0.42073810D+01   -0.41644134D+01
    0.39312676D+01   -0.24340427D+01    0.30610066D+01   -0.13730348D+01
    0.20931281D+01   -0.89171522D+00    0.13324481D+01   -0.62462682D+00
    0.82760249D+00   -0.42927825D+00    0.50258928D+00   -0.26803681D+00
    0.26942390D+00   -0.10992049D+00    0.72495266D-01    0.19803390D-01
   1   3
   4   0   0   2   1
    0.18361426D+01   -0.85908658D+01    0.15271342D+02   -0.13035147D+02
    0.10083956D+02   -0.96134162D+01    0.59530918D+01   -0.65982291D+01
    0.37412827D+01   -0.42933137D+01    0.24932973D+01   -0.27278677D+01
    0.16852036D+01   -0.17253367D+01    0.11175143D+01   -0.10671386D+01
    0.68636153D+00   -0.58099885D+00    0.29995176D+00   -0.16686336D+00
   1   1
   2   1   2   6   1
    0.12645433D+00    0.90082609D-02    0.43423472D+00    0.14038648D+00
    0.67533265D+00    0.15191862D+00    0.76483112D+00   -0.33395739D-01
    0.70641361D+00   -0.24576131D+00    0.66844767D+00   -0.44687074D+00
    0.70013876D+00   -0.62102289D+00    0.78357474D+00   -0.76906586D+00
    0.85212789D+00   -0.78490808D+00    0.65061493D+00   -0.30665744D+00
   1   2
   3   1   2   6   1
    0.44299699D+00   -0.11635036D+01    0.10956339D+01   -0.19984133D+01
    0.14535517D+01   -0.25010295D+01    0.18835723D+01   -0.28468862D+01
    0.25091158D+01   -0.32671697D+01    0.32293437D+01   -0.38324534D+01
    0.40272128D+01   -0.45652296D+01    0.48883355D+01   -0.53335336D+01
    0.55069116D+01   -0.53457738D+01    0.42815860D+01   -0.21572292D+01
   1   3
   4   1   2   6   1
   -0.43543638D+00    0.23887437D+01   -0.44811548D+01    0.38034866D+01
   -0.56366757D+01    0.46896338D+01   -0.65715432D+01    0.59646720D+01
   -0.75611299D+01    0.75195411D+01   -0.88763264D+01    0.93473622D+01
   -0.10604713D+02    0.11431710D+02   -0.12643557D+02    0.13502159D+02
   -0.14138416D+02    0.13580625D+02   -0.10951802D+02    0.54459442D+01
ATOM_TYPE_ID__SEQUENTIAL_NUMBER
   2   1   1   2
ATOM_TYPE_LABEL
 n1_1                                                                  
NUM_ALPHA_S_P_D_F
  20  20   0   0
ALPHAS
    0.12000000D+00    0.23711531D+00    0.46853060D+00    0.92579816D+00
    0.18293410D+01    0.36147064D+01    0.71425186D+01    0.14113338D+02
    0.27887404D+02    0.55104421D+02    0.10888418D+03    0.21515090D+03
    0.42512977D+03    0.84003981D+03    0.16598859D+04    0.32798696D+04
    0.64808943D+04    0.12805994D+05    0.25304144D+05    0.50000000D+05
NUM_CORE_RADIAL_FNS
   1   1   1
NL_RADIAL_FUNCTIONS
   1   1
   1   0   0   2   1
    0.11889834D-04   -0.67911920D-04    0.18109327D-03   -0.32124477D-02
   -0.15655454D+00   -0.12266756D+01   -0.33096283D+01   -0.50392224D+01
   -0.54442954D+01   -0.49148707D+01   -0.39639830D+01   -0.30285341D+01
   -0.21708351D+01   -0.16599056D+01   -0.10263419D+01   -0.10111930D+01
   -0.26286583D+00   -0.89074342D+00    0.31124491D+00   -0.74004732D+00
NUM_VALE_RADIAL_FNS
   2   4   6
NL_RADIAL_FUNCTIONS
   1   1
   2   0   0   2   1
    0.71392110D-01    0.26377988D+00    0.58935119D+00    0.60624665D+00
    0.17393535D+00   -0.73432383D+00   -0.13026675D+01   -0.15621338D+01
   -0.14718613D+01   -0.12310415D+01   -0.95604851D+00   -0.71720696D+00
   -0.50781897D+00   -0.38734892D+00   -0.23808380D+00   -0.23506708D+00
   -0.60702855D-01   -0.20672583D+00    0.72258969D-01   -0.17158807D+00
   1   2
   3   0   0   2   1
    0.15839438D+01   -0.32610400D+01    0.29180282D+01   -0.33853771D+01
    0.25698552D+01   -0.18776805D+01    0.23860799D+01   -0.79739296D+00
    0.18249491D+01   -0.43866804D+00    0.11867907D+01   -0.32350250D+00
    0.72286063D+00   -0.24187619D+00    0.42466976D+00   -0.15204949D+00
    0.21382983D+00   -0.39610999D-01    0.39315619D-01    0.50084270D-01
   1   3
   4   0   0   2   1
   -0.19306431D+01    0.81281453D+01   -0.12402044D+02    0.96839163D+01
   -0.87729754D+01    0.76243881D+01   -0.47090317D+01    0.57316915D+01
   -0.26495026D+01    0.38635391D+01   -0.17349144D+01    0.24513806D+01
   -0.12086224D+01    0.15300730D+01   -0.83183164D+00    0.94455743D+00
   -0.53831767D+00    0.53977008D+00   -0.26738542D+00    0.19161212D+00
   1   1
   2   1   2   6   1
    0.48426919D-01    0.84023161D-01    0.35564310D+00    0.58174715D+00
    0.11201381D+01    0.12139780D+01    0.14259963D+01    0.11892487D+01
    0.11333550D+01    0.72102337D+00    0.74657565D+00    0.32116749D+00
    0.47723971D+00    0.70863280D-01    0.34564883D+00   -0.71746208D-01
    0.28064434D+00   -0.12192683D+00    0.17580078D+00   -0.13312765D-01
   1   2
   3   1   2   6   1
    0.41358566D+00   -0.88936730D+00    0.92585808D+00   -0.17105726D+01
    0.94968968D+00   -0.24402860D+01    0.11831894D+01   -0.28128219D+01
    0.17753772D+01   -0.30222237D+01    0.24973709D+01   -0.33688992D+01
    0.32604979D+01   -0.39024665D+01    0.40326824D+01   -0.45026390D+01
    0.45770590D+01   -0.44937351D+01    0.35720352D+01   -0.18255060D+01
   1   3
   4   1   2   6   1
   -0.45392639D+00    0.22881684D+01   -0.37367782D+01    0.32440543D+01
   -0.53046876D+01    0.35681607D+01   -0.63846942D+01    0.46007703D+01
   -0.71685759D+01    0.61928189D+01   -0.81372409D+01    0.79820247D+01
   -0.94956294D+01    0.99201569D+01   -0.11192068D+02    0.11789716D+02
   -0.12451220D+02    0.11879189D+02   -0.96199223D+01    0.47442898D+01
NUM_POTENTIAL_TYPES
              2
POTENTIAL_TYPE_ID__SEQUENTIAL_NUMBER
   1   1   1   1
POTENTIAL_TYPE_LABEL
 b1_1                                                                  
NUCLEAR_CHARGE__ALPHA
    0.50000000D+01    0.20000000D+02
COVALENT_RADIUS
    0.10000000E+01
NUM_ALPHAS
             16
ALPHAS
    0.30000000D+00    0.10000000D+07
POTENTIAL_TYPE_ID__SEQUENTIAL_NUMBER
   2   1   1   2
POTENTIAL_TYPE_LABEL
 n1_1                                                                  
NUCLEAR_CHARGE__ALPHA
    0.70000000D+01    0.20000000D+02
COVALENT_RADIUS
    0.10000000E+01
NUM_ALPHAS
             16
ALPHAS
    0.25000000D+00    0.10000000D+07
PRINT_XC_MESH
              0
NUM_ANGULAR_SAMPLE_VECTORS
            100
WTIN_WTOUT
    0.50000000D+00    0.50000000D+00
RADIAL_SAMPLE-IN_OUT_SPACING
    0.10000000D+00    0.35000000D+01    0.80000000D+00
SHARED_INPUT_DATA
BASISFUNCTION_AND_ELECTROSTATIC_CUTOFFS
              0.10000000E-15              0.10000000E-15
Maximum basisFunction threshold =  0.36841E+02
Maximum electroStatic threshold =  0.36841E+02
NUM_STATES_TO_USE
    0.64000000D+02    0.12800000D+03    0.16000000D+03
 Using          128  states.
NUM_ELECTRONS
             64
THERMAL_SMEARING_SIGMA__SIGMA_CUTOFF
              0.00000000E+00              0.11500000E+02
FERMI_LEVEL_SEARCH_LIMIT
    0.13600000E+02
MAIN_INPUT_DATA
LAST_ITERATION
             50
CONVERGENCE_TEST
    0.10000000E-03
XC_CODE
            100
FEEDBACK_LEVEL
              2
RELAXATION_FACTOR
    0.20000000E+00
EACH_ITER_FLAGS__TDOS
              0
PLUSUJ_FORM__NUM_ITEMS
              0              0
ID__U__J
NUM_SPLIT_TYPES__DEFAULT_SPLIT
    0              0.10000000E-01
TYPE_ID__SPIN_SPLIT_FACTOR
DOS_INPUT_DATA
              0.10000000E-01              0.10000000E+00
             -0.30000000E+02              0.30000000E+02
              0
BOND_INPUT_DATA
    0.35000000E+01
              0.10000000E-01              0.10000000E+00
             -0.30000000E+02              0.30000000E+02
              0
              0
             20
SYBD_INPUT_DATA
              7            300              0
 Number of high symmetry K-Points =            7
 Number of path K-Points          =          300
 1 = cart, 0 = fract:             =            0
    0.00000000D+00    0.00000000D+00    0.00000000D+00
    0.50000000D+00    0.00000000D+00    0.50000000D+00
    0.50000000D+00    0.25000000D+00    0.75000000D+00
    0.50000000D+00    0.50000000D+00    0.50000000D+00
    0.00000000D+00    0.00000000D+00    0.00000000D+00
    0.37500000D+00    0.37500000D+00    0.75000000D+00
    0.50000000D+00    0.50000000D+00    0.10000000D+01
PACS_INPUT_DATA
              0
              0.10000000E-01              0.50000000E+00
              0.50000000E+01              0.50000000E+02
              0
OPTC_INPUT_DATA
    0.45000000E+02
    0.10000000E+03
    0.10000000E-01
    0.10000000E+00
SIGE_INPUT_DATA
    0.50000000E+01
    0.30000000E+00
    0.10000000E-02
    0.10000000E+00
WAVE_INPUT_DATA
  10  10  10
             -0.10000000E+06              0.10000000E+06
              0
              1
CELL_VECTORS
    0.00000000D+00    0.68330606D+01    0.68330606D+01
    0.68330606D+01    0.00000000D+00    0.68330606D+01
    0.68330606D+01    0.68330606D+01    0.00000000D+00
NUM_ATOM_SITES
             16
NUM_TYPE_X_Y_Z_ELEM
    1     1         1.70826515         1.70826515         1.70826515 b 
    2     1         5.12479545         5.12479545         1.70826515 b 
    3     1         5.12479545         1.70826515         5.12479545 b 
    4     1         8.54132575         5.12479545         5.12479545 b 
    5     1         1.70826515         5.12479545         5.12479545 b 
    6     1         5.12479545         8.54132575         5.12479545 b 
    7     1         5.12479545         5.12479545         8.54132575 b 
    8     1         8.54132575         8.54132575         8.54132575 b 
    9     2         0.00000000         0.00000000         0.00000000 n 
   10     2         3.41653030         3.41653030         0.00000000 n 
   11     2         3.41653030         0.00000000         3.41653030 n 
   12     2         6.83306060         3.41653030         3.41653030 n 
   13     2         0.00000000         3.41653030         3.41653030 n 
   14     2         3.41653030         6.83306060         3.41653030 n 
   15     2         3.41653030         3.41653030         6.83306060 n 
   16     2         6.83306060         6.83306060         6.83306060 n 
NUM_POTENTIAL_SITES
             16
NUM_TYPE_X_Y_Z_ELEM
    1     1         1.70826515         1.70826515         1.70826515 b 
    2     1         5.12479545         5.12479545         1.70826515 b 
    3     1         5.12479545         1.70826515         5.12479545 b 
    4     1         8.54132575         5.12479545         5.12479545 b 
    5     1         1.70826515         5.12479545         5.12479545 b 
    6     1         5.12479545         8.54132575         5.12479545 b 
    7     1         5.12479545         5.12479545         8.54132575 b 
    8     1         8.54132575         8.54132575         8.54132575 b 
    9     2         0.00000000         0.00000000         0.00000000 n 
   10     2         3.41653030         3.41653030         0.00000000 n 
   11     2         3.41653030         0.00000000         3.41653030 n 
   12     2         6.83306060         3.41653030         3.41653030 n 
   13     2         0.00000000         3.41653030         3.41653030 n 
   14     2         3.41653030         6.83306060         3.41653030 n 
   15     2         3.41653030         3.41653030         6.83306060 n 
   16     2         6.83306060         6.83306060         6.83306060 n 
NUM_BLOCH_VECTORS
              4
NUM_WEIGHT_KA_KB_KC
    1      0.25000000     0.12500000     0.12500000     0.12500000
    2      0.75000000     0.12500000     0.12500000     0.62500000
    3      0.75000000     0.12500000     0.62500000     0.62500000
    4      0.25000000     0.62500000     0.62500000     0.62500000
 
Date is: 2019/06/13 Time is: 20:40:32.714
***************  Parse Input Files  ***************
***************************************************
 
 
***************************************************
***********  Get Implicit Information  ************
Date is: 2019/06/13 Time is: 20:40:32.714
 
Smallest Atomic    Alpha =  0.12000E+00
Valence Dimension   =   128
Core    Dimension   =    16
Maximum Dimension   =   128
Potential Dimension      =    32
Smallest Potential Alpha =  0.25000E+00
Largest  Potential Alpha =  0.10000E+07
The real  cell volume is:  0.63808E+03
The recip cell volume is:  0.38874E+00
 The recip lattice vectors are: 
   -0.45976362D+00    0.45976362D+00    0.45976362D+00
    0.45976362D+00   -0.45976362D+00    0.45976362D+00
    0.45976362D+00    0.45976362D+00   -0.45976362D+00
 Kpoints in x,y,z cartesian form in recip space cell are:
    1     0.05747045     0.05747045     0.05747045
    2     0.28735226     0.28735226    -0.17241136
    3     0.51723407     0.05747045     0.05747045
    4     0.28735226     0.28735226     0.28735226
 
Date is: 2019/06/13 Time is: 20:40:32.716
***********  Get Implicit Information  ************
***************************************************
 
 
***************************************************
*****  Symmetric Band Structure Path KPoints  *****
Date is: 2019/06/13 Time is: 20:40:32.716
 
 HIGH SYMMETRY K POINT INDEX NUMBER :           1
 HIGH SYMMETRY K POINT INDEX NUMBER :          67
 HIGH SYMMETRY K POINT INDEX NUMBER :         100
 HIGH SYMMETRY K POINT INDEX NUMBER :         147
 HIGH SYMMETRY K POINT INDEX NUMBER :         204
 HIGH SYMMETRY K POINT INDEX NUMBER :         274
 HIGH SYMMETRY K POINT INDEX NUMBER :         297
    1   0.000   0.000   0.000   0.000    0.006734006734
    2   0.007   0.000   0.007   0.000    0.006734006734
    3   0.014   0.000   0.014   0.000    0.006734006734
    4   0.021   0.000   0.021   0.000    0.006734006734
    5   0.028   0.000   0.028   0.000    0.006734006734
    6   0.035   0.000   0.035   0.000    0.006734006734
    7   0.042   0.000   0.042   0.000    0.006734006734
    8   0.049   0.000   0.049   0.000    0.006734006734
    9   0.056   0.000   0.056   0.000    0.006734006734
   10   0.063   0.000   0.063   0.000    0.006734006734
   11   0.070   0.000   0.070   0.000    0.006734006734
   12   0.077   0.000   0.077   0.000    0.006734006734
   13   0.084   0.000   0.084   0.000    0.006734006734
   14   0.091   0.000   0.091   0.000    0.006734006734
   15   0.098   0.000   0.098   0.000    0.006734006734
   16   0.104   0.000   0.104   0.000    0.006734006734
   17   0.111   0.000   0.111   0.000    0.006734006734
   18   0.118   0.000   0.118   0.000    0.006734006734
   19   0.125   0.000   0.125   0.000    0.006734006734
   20   0.132   0.000   0.132   0.000    0.006734006734
   21   0.139   0.000   0.139   0.000    0.006734006734
   22   0.146   0.000   0.146   0.000    0.006734006734
   23   0.153   0.000   0.153   0.000    0.006734006734
   24   0.160   0.000   0.160   0.000    0.006734006734
   25   0.167   0.000   0.167   0.000    0.006734006734
   26   0.174   0.000   0.174   0.000    0.006734006734
   27   0.181   0.000   0.181   0.000    0.006734006734
   28   0.188   0.000   0.188   0.000    0.006734006734
   29   0.195   0.000   0.195   0.000    0.006734006734
   30   0.202   0.000   0.202   0.000    0.006734006734
   31   0.209   0.000   0.209   0.000    0.006734006734
   32   0.216   0.000   0.216   0.000    0.006734006734
   33   0.223   0.000   0.223   0.000    0.006734006734
   34   0.230   0.000   0.230   0.000    0.006734006734
   35   0.237   0.000   0.237   0.000    0.006734006734
   36   0.244   0.000   0.244   0.000    0.006734006734
   37   0.251   0.000   0.251   0.000    0.006734006734
   38   0.258   0.000   0.258   0.000    0.006734006734
   39   0.265   0.000   0.265   0.000    0.006734006734
   40   0.272   0.000   0.272   0.000    0.006734006734
   41   0.279   0.000   0.279   0.000    0.006734006734
   42   0.286   0.000   0.286   0.000    0.006734006734
   43   0.293   0.000   0.293   0.000    0.006734006734
   44   0.300   0.000   0.300   0.000    0.006734006734
   45   0.307   0.000   0.307   0.000    0.006734006734
   46   0.313   0.000   0.313   0.000    0.006734006734
   47   0.320   0.000   0.320   0.000    0.006734006734
   48   0.327   0.000   0.327   0.000    0.006734006734
   49   0.334   0.000   0.334   0.000    0.006734006734
   50   0.341   0.000   0.341   0.000    0.006734006734
   51   0.348   0.000   0.348   0.000    0.006734006734
   52   0.355   0.000   0.355   0.000    0.006734006734
   53   0.362   0.000   0.362   0.000    0.006734006734
   54   0.369   0.000   0.369   0.000    0.006734006734
   55   0.376   0.000   0.376   0.000    0.006734006734
   56   0.383   0.000   0.383   0.000    0.006734006734
   57   0.390   0.000   0.390   0.000    0.006734006734
   58   0.397   0.000   0.397   0.000    0.006734006734
   59   0.404   0.000   0.404   0.000    0.006734006734
   60   0.411   0.000   0.411   0.000    0.006734006734
   61   0.418   0.000   0.418   0.000    0.006734006734
   62   0.425   0.000   0.425   0.000    0.006734006734
   63   0.432   0.000   0.432   0.000    0.006734006734
   64   0.439   0.000   0.439   0.000    0.006734006734
   65   0.446   0.000   0.446   0.000    0.006734006734
   66   0.453   0.000   0.453   0.000    0.006734006734
   67   0.460   0.000   0.460   0.000    0.006734006734
   68   0.467   0.007   0.460   0.000    0.006734006734
   69   0.474   0.014   0.460   0.000    0.006734006734
   70   0.481   0.021   0.460   0.000    0.006734006734
   71   0.488   0.028   0.460   0.000    0.006734006734
   72   0.495   0.035   0.460   0.000    0.006734006734
   73   0.502   0.042   0.460   0.000    0.006734006734
   74   0.509   0.049   0.460   0.000    0.006734006734
   75   0.515   0.056   0.460   0.000    0.006734006734
   76   0.522   0.063   0.460   0.000    0.006734006734
   77   0.529   0.070   0.460   0.000    0.006734006734
   78   0.536   0.077   0.460   0.000    0.006734006734
   79   0.543   0.084   0.460   0.000    0.006734006734
   80   0.550   0.091   0.460   0.000    0.006734006734
   81   0.557   0.098   0.460   0.000    0.006734006734
   82   0.564   0.104   0.460   0.000    0.006734006734
   83   0.571   0.111   0.460   0.000    0.006734006734
   84   0.578   0.118   0.460   0.000    0.006734006734
   85   0.585   0.125   0.460   0.000    0.006734006734
   86   0.592   0.132   0.460   0.000    0.006734006734
   87   0.599   0.139   0.460   0.000    0.006734006734
   88   0.606   0.146   0.460   0.000    0.006734006734
   89   0.613   0.153   0.460   0.000    0.006734006734
   90   0.620   0.160   0.460   0.000    0.006734006734
   91   0.627   0.167   0.460   0.000    0.006734006734
   92   0.634   0.174   0.460   0.000    0.006734006734
   93   0.641   0.181   0.460   0.000    0.006734006734
   94   0.648   0.188   0.460   0.000    0.006734006734
   95   0.655   0.195   0.460   0.000    0.006734006734
   96   0.662   0.202   0.460   0.000    0.006734006734
   97   0.669   0.209   0.460   0.000    0.006734006734
   98   0.676   0.216   0.460   0.000    0.006734006734
   99   0.683   0.223   0.460   0.000    0.006734006734
  100   0.690   0.230   0.460   0.000    0.006734006734
  101   0.697   0.230   0.455   0.005    0.006734006734
  102   0.703   0.230   0.450   0.010    0.006734006734
  103   0.710   0.230   0.445   0.015    0.006734006734
  104   0.717   0.230   0.440   0.020    0.006734006734
  105   0.724   0.230   0.435   0.024    0.006734006734
  106   0.731   0.230   0.430   0.029    0.006734006734
  107   0.738   0.230   0.426   0.034    0.006734006734
  108   0.745   0.230   0.421   0.039    0.006734006734
  109   0.752   0.230   0.416   0.044    0.006734006734
  110   0.759   0.230   0.411   0.049    0.006734006734
  111   0.766   0.230   0.406   0.054    0.006734006734
  112   0.773   0.230   0.401   0.059    0.006734006734
  113   0.780   0.230   0.396   0.064    0.006734006734
  114   0.786   0.230   0.391   0.068    0.006734006734
  115   0.793   0.230   0.386   0.073    0.006734006734
  116   0.800   0.230   0.382   0.078    0.006734006734
  117   0.807   0.230   0.377   0.083    0.006734006734
  118   0.814   0.230   0.372   0.088    0.006734006734
  119   0.821   0.230   0.367   0.093    0.006734006734
  120   0.828   0.230   0.362   0.098    0.006734006734
  121   0.835   0.230   0.357   0.103    0.006734006734
  122   0.842   0.230   0.352   0.108    0.006734006734
  123   0.849   0.230   0.347   0.112    0.006734006734
  124   0.856   0.230   0.342   0.117    0.006734006734
  125   0.863   0.230   0.337   0.122    0.006734006734
  126   0.869   0.230   0.333   0.127    0.006734006734
  127   0.876   0.230   0.328   0.132    0.006734006734
  128   0.883   0.230   0.323   0.137    0.006734006734
  129   0.890   0.230   0.318   0.142    0.006734006734
  130   0.897   0.230   0.313   0.147    0.006734006734
  131   0.904   0.230   0.308   0.152    0.006734006734
  132   0.911   0.230   0.303   0.157    0.006734006734
  133   0.918   0.230   0.298   0.161    0.006734006734
  134   0.925   0.230   0.293   0.166    0.006734006734
  135   0.932   0.230   0.289   0.171    0.006734006734
  136   0.939   0.230   0.284   0.176    0.006734006734
  137   0.946   0.230   0.279   0.181    0.006734006734
  138   0.952   0.230   0.274   0.186    0.006734006734
  139   0.959   0.230   0.269   0.191    0.006734006734
  140   0.966   0.230   0.264   0.196    0.006734006734
  141   0.973   0.230   0.259   0.201    0.006734006734
  142   0.980   0.230   0.254   0.205    0.006734006734
  143   0.987   0.230   0.249   0.210    0.006734006734
  144   0.994   0.230   0.245   0.215    0.006734006734
  145   1.001   0.230   0.240   0.220    0.006734006734
  146   1.008   0.230   0.235   0.225    0.006734006734
  147   1.015   0.230   0.230   0.230    0.006734006734
  148   1.022   0.226   0.226   0.226    0.006734006734
  149   1.029   0.222   0.222   0.222    0.006734006734
  150   1.036   0.218   0.218   0.218    0.006734006734
  151   1.043   0.214   0.214   0.214    0.006734006734
  152   1.050   0.210   0.210   0.210    0.006734006734
  153   1.057   0.206   0.206   0.206    0.006734006734
  154   1.064   0.202   0.202   0.202    0.006734006734
  155   1.071   0.198   0.198   0.198    0.006734006734
  156   1.078   0.194   0.194   0.194    0.006734006734
  157   1.085   0.190   0.190   0.190    0.006734006734
  158   1.092   0.186   0.186   0.186    0.006734006734
  159   1.099   0.181   0.181   0.181    0.006734006734
  160   1.106   0.177   0.177   0.177    0.006734006734
  161   1.113   0.173   0.173   0.173    0.006734006734
  162   1.120   0.169   0.169   0.169    0.006734006734
  163   1.127   0.165   0.165   0.165    0.006734006734
  164   1.133   0.161   0.161   0.161    0.006734006734
  165   1.140   0.157   0.157   0.157    0.006734006734
  166   1.147   0.153   0.153   0.153    0.006734006734
  167   1.154   0.149   0.149   0.149    0.006734006734
  168   1.161   0.145   0.145   0.145    0.006734006734
  169   1.168   0.141   0.141   0.141    0.006734006734
  170   1.175   0.137   0.137   0.137    0.006734006734
  171   1.182   0.133   0.133   0.133    0.006734006734
  172   1.189   0.129   0.129   0.129    0.006734006734
  173   1.196   0.125   0.125   0.125    0.006734006734
  174   1.203   0.121   0.121   0.121    0.006734006734
  175   1.210   0.117   0.117   0.117    0.006734006734
  176   1.217   0.113   0.113   0.113    0.006734006734
  177   1.224   0.109   0.109   0.109    0.006734006734
  178   1.231   0.105   0.105   0.105    0.006734006734
  179   1.238   0.101   0.101   0.101    0.006734006734
  180   1.245   0.097   0.097   0.097    0.006734006734
  181   1.252   0.093   0.093   0.093    0.006734006734
  182   1.259   0.089   0.089   0.089    0.006734006734
  183   1.266   0.085   0.085   0.085    0.006734006734
  184   1.273   0.081   0.081   0.081    0.006734006734
  185   1.280   0.077   0.077   0.077    0.006734006734
  186   1.287   0.073   0.073   0.073    0.006734006734
  187   1.294   0.069   0.069   0.069    0.006734006734
  188   1.301   0.065   0.065   0.065    0.006734006734
  189   1.308   0.060   0.060   0.060    0.006734006734
  190   1.315   0.056   0.056   0.056    0.006734006734
  191   1.322   0.052   0.052   0.052    0.006734006734
  192   1.329   0.048   0.048   0.048    0.006734006734
  193   1.336   0.044   0.044   0.044    0.006734006734
  194   1.343   0.040   0.040   0.040    0.006734006734
  195   1.350   0.036   0.036   0.036    0.006734006734
  196   1.357   0.032   0.032   0.032    0.006734006734
  197   1.364   0.028   0.028   0.028    0.006734006734
  198   1.371   0.024   0.024   0.024    0.006734006734
  199   1.378   0.020   0.020   0.020    0.006734006734
  200   1.385   0.016   0.016   0.016    0.006734006734
  201   1.392   0.012   0.012   0.012    0.006734006734
  202   1.399   0.008   0.008   0.008    0.006734006734
  203   1.406   0.004   0.004   0.004    0.006734006734
  204   1.413   0.000   0.000   0.000    0.006734006734
  205   1.420   0.005   0.005   0.000    0.006734006734
  206   1.427   0.010   0.010   0.000    0.006734006734
  207   1.434   0.015   0.015   0.000    0.006734006734
  208   1.441   0.020   0.020   0.000    0.006734006734
  209   1.448   0.025   0.025   0.000    0.006734006734
  210   1.455   0.030   0.030   0.000    0.006734006734
  211   1.462   0.034   0.034   0.000    0.006734006734
  212   1.469   0.039   0.039   0.000    0.006734006734
  213   1.476   0.044   0.044   0.000    0.006734006734
  214   1.483   0.049   0.049   0.000    0.006734006734
  215   1.490   0.054   0.054   0.000    0.006734006734
  216   1.497   0.059   0.059   0.000    0.006734006734
  217   1.503   0.064   0.064   0.000    0.006734006734
  218   1.510   0.069   0.069   0.000    0.006734006734
  219   1.517   0.074   0.074   0.000    0.006734006734
  220   1.524   0.079   0.079   0.000    0.006734006734
  221   1.531   0.084   0.084   0.000    0.006734006734
  222   1.538   0.089   0.089   0.000    0.006734006734
  223   1.545   0.094   0.094   0.000    0.006734006734
  224   1.552   0.099   0.099   0.000    0.006734006734
  225   1.559   0.103   0.103   0.000    0.006734006734
  226   1.566   0.108   0.108   0.000    0.006734006734
  227   1.573   0.113   0.113   0.000    0.006734006734
  228   1.580   0.118   0.118   0.000    0.006734006734
  229   1.587   0.123   0.123   0.000    0.006734006734
  230   1.594   0.128   0.128   0.000    0.006734006734
  231   1.601   0.133   0.133   0.000    0.006734006734
  232   1.608   0.138   0.138   0.000    0.006734006734
  233   1.615   0.143   0.143   0.000    0.006734006734
  234   1.622   0.148   0.148   0.000    0.006734006734
  235   1.629   0.153   0.153   0.000    0.006734006734
  236   1.636   0.158   0.158   0.000    0.006734006734
  237   1.643   0.163   0.163   0.000    0.006734006734
  238   1.650   0.167   0.167   0.000    0.006734006734
  239   1.657   0.172   0.172   0.000    0.006734006734
  240   1.664   0.177   0.177   0.000    0.006734006734
  241   1.671   0.182   0.182   0.000    0.006734006734
  242   1.678   0.187   0.187   0.000    0.006734006734
  243   1.685   0.192   0.192   0.000    0.006734006734
  244   1.692   0.197   0.197   0.000    0.006734006734
  245   1.699   0.202   0.202   0.000    0.006734006734
  246   1.706   0.207   0.207   0.000    0.006734006734
  247   1.712   0.212   0.212   0.000    0.006734006734
  248   1.719   0.217   0.217   0.000    0.006734006734
  249   1.726   0.222   0.222   0.000    0.006734006734
  250   1.733   0.227   0.227   0.000    0.006734006734
  251   1.740   0.232   0.232   0.000    0.006734006734
  252   1.747   0.236   0.236   0.000    0.006734006734
  253   1.754   0.241   0.241   0.000    0.006734006734
  254   1.761   0.246   0.246   0.000    0.006734006734
  255   1.768   0.251   0.251   0.000    0.006734006734
  256   1.775   0.256   0.256   0.000    0.006734006734
  257   1.782   0.261   0.261   0.000    0.006734006734
  258   1.789   0.266   0.266   0.000    0.006734006734
  259   1.796   0.271   0.271   0.000    0.006734006734
  260   1.803   0.276   0.276   0.000    0.006734006734
  261   1.810   0.281   0.281   0.000    0.006734006734
  262   1.817   0.286   0.286   0.000    0.006734006734
  263   1.824   0.291   0.291   0.000    0.006734006734
  264   1.831   0.296   0.296   0.000    0.006734006734
  265   1.838   0.300   0.300   0.000    0.006734006734
  266   1.845   0.305   0.305   0.000    0.006734006734
  267   1.852   0.310   0.310   0.000    0.006734006734
  268   1.859   0.315   0.315   0.000    0.006734006734
  269   1.866   0.320   0.320   0.000    0.006734006734
  270   1.873   0.325   0.325   0.000    0.006734006734
  271   1.880   0.330   0.330   0.000    0.006734006734
  272   1.887   0.335   0.335   0.000    0.006734006734
  273   1.894   0.340   0.340   0.000    0.006734006734
  274   1.901   0.345   0.345   0.000    0.006734006734
  275   1.908   0.350   0.350   0.000    0.006734006734
  276   1.915   0.355   0.355   0.000    0.006734006734
  277   1.922   0.360   0.360   0.000    0.006734006734
  278   1.929   0.365   0.365   0.000    0.006734006734
  279   1.936   0.370   0.370   0.000    0.006734006734
  280   1.943   0.375   0.375   0.000    0.006734006734
  281   1.950   0.380   0.380   0.000    0.006734006734
  282   1.957   0.385   0.385   0.000    0.006734006734
  283   1.964   0.390   0.390   0.000    0.006734006734
  284   1.971   0.395   0.395   0.000    0.006734006734
  285   1.978   0.400   0.400   0.000    0.006734006734
  286   1.985   0.405   0.405   0.000    0.006734006734
  287   1.992   0.410   0.410   0.000    0.006734006734
  288   2.000   0.415   0.415   0.000    0.006734006734
  289   2.007   0.420   0.420   0.000    0.006734006734
  290   2.014   0.425   0.425   0.000    0.006734006734
  291   2.021   0.430   0.430   0.000    0.006734006734
  292   2.028   0.435   0.435   0.000    0.006734006734
  293   2.035   0.440   0.440   0.000    0.006734006734
  294   2.042   0.445   0.445   0.000    0.006734006734
  295   2.049   0.450   0.450   0.000    0.006734006734
  296   2.056   0.455   0.455   0.000    0.006734006734
  297   2.063   0.460   0.460   0.000    0.006734006734
 
Date is: 2019/06/13 Time is: 20:40:32.719
*****  Symmetric Band Structure Path KPoints  *****
***************************************************
 
 
***************************************************
************  Lattice Initialization  *************
Date is: 2019/06/13 Time is: 20:40:32.719
 
 The number of real  lattice points is:           415
 The number of recip lattice points is:             0
 
Date is: 2019/06/13 Time is: 20:40:32.719
************  Lattice Initialization  *************
***************************************************
 
 
***************************************************
****  Init. Lattice Vector Finding Structures  ****
Date is: 2019/06/13 Time is: 20:40:32.719
 
 
Date is: 2019/06/13 Time is: 20:40:32.729
****  Init. Lattice Vector Finding Structures  ****
***************************************************
 
 
***************************************************
****************  Secular Equation  ***************
Date is: 2019/06/13 Time is: 20:40:32.732
 
 Beginning k-point loop.
 Expecting          297  iterations.
.........|.........|.........|.........|.........|            50
.........|.........|.........|.........|.........|           100
.........|.........|.........|.........|.........|           150
.........|.........|.........|.........|.........|           200
.........|.........|.........|.........|.........|           250
.........|.........|.........|.........|....... 
***************************************************
************  Populate Electron Levels  ***********
Date is: 2019/06/13 Time is: 20:40:59.265
 
 Highest Occupied Energy=  -3.12874298579606       eV
 
Date is: 2019/06/13 Time is: 20:40:59.268
************  Populate Electron Levels  ***********
***************************************************
 
 
Date is: 2019/06/13 Time is: 20:40:59.308
****************  Secular Equation  ***************
***************************************************
 
