 
***************************************************
*************  Parse The Command Line  ************
Date is: 2019/06/13 Time is: 20:39:43.298
 
 basisCode =            2
 1=MB; 2=FB; 3=EB
 
 
Date is: 2019/06/13 Time is: 20:39:43.298
*************  Parse The Command Line  ************
***************************************************
 
 
***************************************************
***************  Parse Input Files  ***************
Date is: 2019/06/13 Time is: 20:39:43.298
 
TITLE
empty                                                                           
END_TITLE                                                                       
NUM_ATOM_TYPES
              2
ATOM_TYPE_ID__SEQUENTIAL_NUMBER
   1   1   1   1
ATOM_TYPE_LABEL
 b1_1                                                                  
NUM_ALPHA_S_P_D_F
  20  20   0   0
ALPHAS
    0.12000000D+00    0.23711531D+00    0.46853060D+00    0.92579816D+00
    0.18293410D+01    0.36147064D+01    0.71425186D+01    0.14113338D+02
    0.27887404D+02    0.55104421D+02    0.10888418D+03    0.21515090D+03
    0.42512977D+03    0.84003981D+03    0.16598859D+04    0.32798696D+04
    0.64808943D+04    0.12805994D+05    0.25304144D+05    0.50000000D+05
NUM_CORE_RADIAL_FNS
   1   1   1
NL_RADIAL_FUNCTIONS
   1   1
   1   0   0   2   1
    0.23252983D-04   -0.16531288D-03   -0.24586730D-02   -0.12073827D+00
   -0.78081032D+00   -0.19683834D+01   -0.29406701D+01   -0.31553671D+01
   -0.28888958D+01   -0.23483790D+01   -0.17814575D+01   -0.13181771D+01
   -0.93058857D+00   -0.70604835D+00   -0.43512922D+00   -0.42781424D+00
   -0.11109165D+00   -0.37650861D+00    0.13167867D+00   -0.31278632D+00
NUM_VALE_RADIAL_FNS
   2   4   6
NL_RADIAL_FUNCTIONS
   1   1
   2   0   0   2   1
   -0.34313576D+00   -0.94606954D-01   -0.59802040D+00    0.27874204D+00
    0.19722842D+00    0.89956833D+00    0.67990653D+00    0.94037398D+00
    0.56614149D+00    0.63052406D+00    0.32332685D+00    0.35442603D+00
    0.15619234D+00    0.19560182D+00    0.64191666D-01    0.11891918D+00
    0.60211119D-02    0.95382951D-01   -0.35852494D-01    0.71085847D-01
   1   2
   3   0   0   2   1
    0.18234901D+01   -0.45467999D+01    0.42073810D+01   -0.41644134D+01
    0.39312676D+01   -0.24340427D+01    0.30610066D+01   -0.13730348D+01
    0.20931281D+01   -0.89171522D+00    0.13324481D+01   -0.62462682D+00
    0.82760249D+00   -0.42927825D+00    0.50258928D+00   -0.26803681D+00
    0.26942390D+00   -0.10992049D+00    0.72495266D-01    0.19803390D-01
   1   3
   4   0   0   2   1
    0.18361426D+01   -0.85908658D+01    0.15271342D+02   -0.13035147D+02
    0.10083956D+02   -0.96134162D+01    0.59530918D+01   -0.65982291D+01
    0.37412827D+01   -0.42933137D+01    0.24932973D+01   -0.27278677D+01
    0.16852036D+01   -0.17253367D+01    0.11175143D+01   -0.10671386D+01
    0.68636153D+00   -0.58099885D+00    0.29995176D+00   -0.16686336D+00
   1   1
   2   1   2   6   1
    0.12645433D+00    0.90082609D-02    0.43423472D+00    0.14038648D+00
    0.67533265D+00    0.15191862D+00    0.76483112D+00   -0.33395739D-01
    0.70641361D+00   -0.24576131D+00    0.66844767D+00   -0.44687074D+00
    0.70013876D+00   -0.62102289D+00    0.78357474D+00   -0.76906586D+00
    0.85212789D+00   -0.78490808D+00    0.65061493D+00   -0.30665744D+00
   1   2
   3   1   2   6   1
    0.44299699D+00   -0.11635036D+01    0.10956339D+01   -0.19984133D+01
    0.14535517D+01   -0.25010295D+01    0.18835723D+01   -0.28468862D+01
    0.25091158D+01   -0.32671697D+01    0.32293437D+01   -0.38324534D+01
    0.40272128D+01   -0.45652296D+01    0.48883355D+01   -0.53335336D+01
    0.55069116D+01   -0.53457738D+01    0.42815860D+01   -0.21572292D+01
   1   3
   4   1   2   6   1
   -0.43543638D+00    0.23887437D+01   -0.44811548D+01    0.38034866D+01
   -0.56366757D+01    0.46896338D+01   -0.65715432D+01    0.59646720D+01
   -0.75611299D+01    0.75195411D+01   -0.88763264D+01    0.93473622D+01
   -0.10604713D+02    0.11431710D+02   -0.12643557D+02    0.13502159D+02
   -0.14138416D+02    0.13580625D+02   -0.10951802D+02    0.54459442D+01
ATOM_TYPE_ID__SEQUENTIAL_NUMBER
   2   1   1   2
ATOM_TYPE_LABEL
 n1_1                                                                  
NUM_ALPHA_S_P_D_F
  20  20   0   0
ALPHAS
    0.12000000D+00    0.23711531D+00    0.46853060D+00    0.92579816D+00
    0.18293410D+01    0.36147064D+01    0.71425186D+01    0.14113338D+02
    0.27887404D+02    0.55104421D+02    0.10888418D+03    0.21515090D+03
    0.42512977D+03    0.84003981D+03    0.16598859D+04    0.32798696D+04
    0.64808943D+04    0.12805994D+05    0.25304144D+05    0.50000000D+05
NUM_CORE_RADIAL_FNS
   1   1   1
NL_RADIAL_FUNCTIONS
   1   1
   1   0   0   2   1
    0.11889834D-04   -0.67911920D-04    0.18109327D-03   -0.32124477D-02
   -0.15655454D+00   -0.12266756D+01   -0.33096283D+01   -0.50392224D+01
   -0.54442954D+01   -0.49148707D+01   -0.39639830D+01   -0.30285341D+01
   -0.21708351D+01   -0.16599056D+01   -0.10263419D+01   -0.10111930D+01
   -0.26286583D+00   -0.89074342D+00    0.31124491D+00   -0.74004732D+00
NUM_VALE_RADIAL_FNS
   2   4   6
NL_RADIAL_FUNCTIONS
   1   1
   2   0   0   2   1
    0.71392110D-01    0.26377988D+00    0.58935119D+00    0.60624665D+00
    0.17393535D+00   -0.73432383D+00   -0.13026675D+01   -0.15621338D+01
   -0.14718613D+01   -0.12310415D+01   -0.95604851D+00   -0.71720696D+00
   -0.50781897D+00   -0.38734892D+00   -0.23808380D+00   -0.23506708D+00
   -0.60702855D-01   -0.20672583D+00    0.72258969D-01   -0.17158807D+00
   1   2
   3   0   0   2   1
    0.15839438D+01   -0.32610400D+01    0.29180282D+01   -0.33853771D+01
    0.25698552D+01   -0.18776805D+01    0.23860799D+01   -0.79739296D+00
    0.18249491D+01   -0.43866804D+00    0.11867907D+01   -0.32350250D+00
    0.72286063D+00   -0.24187619D+00    0.42466976D+00   -0.15204949D+00
    0.21382983D+00   -0.39610999D-01    0.39315619D-01    0.50084270D-01
   1   3
   4   0   0   2   1
   -0.19306431D+01    0.81281453D+01   -0.12402044D+02    0.96839163D+01
   -0.87729754D+01    0.76243881D+01   -0.47090317D+01    0.57316915D+01
   -0.26495026D+01    0.38635391D+01   -0.17349144D+01    0.24513806D+01
   -0.12086224D+01    0.15300730D+01   -0.83183164D+00    0.94455743D+00
   -0.53831767D+00    0.53977008D+00   -0.26738542D+00    0.19161212D+00
   1   1
   2   1   2   6   1
    0.48426919D-01    0.84023161D-01    0.35564310D+00    0.58174715D+00
    0.11201381D+01    0.12139780D+01    0.14259963D+01    0.11892487D+01
    0.11333550D+01    0.72102337D+00    0.74657565D+00    0.32116749D+00
    0.47723971D+00    0.70863280D-01    0.34564883D+00   -0.71746208D-01
    0.28064434D+00   -0.12192683D+00    0.17580078D+00   -0.13312765D-01
   1   2
   3   1   2   6   1
    0.41358566D+00   -0.88936730D+00    0.92585808D+00   -0.17105726D+01
    0.94968968D+00   -0.24402860D+01    0.11831894D+01   -0.28128219D+01
    0.17753772D+01   -0.30222237D+01    0.24973709D+01   -0.33688992D+01
    0.32604979D+01   -0.39024665D+01    0.40326824D+01   -0.45026390D+01
    0.45770590D+01   -0.44937351D+01    0.35720352D+01   -0.18255060D+01
   1   3
   4   1   2   6   1
   -0.45392639D+00    0.22881684D+01   -0.37367782D+01    0.32440543D+01
   -0.53046876D+01    0.35681607D+01   -0.63846942D+01    0.46007703D+01
   -0.71685759D+01    0.61928189D+01   -0.81372409D+01    0.79820247D+01
   -0.94956294D+01    0.99201569D+01   -0.11192068D+02    0.11789716D+02
   -0.12451220D+02    0.11879189D+02   -0.96199223D+01    0.47442898D+01
NUM_POTENTIAL_TYPES
              2
POTENTIAL_TYPE_ID__SEQUENTIAL_NUMBER
   1   1   1   1
POTENTIAL_TYPE_LABEL
 b1_1                                                                  
NUCLEAR_CHARGE__ALPHA
    0.50000000D+01    0.20000000D+02
COVALENT_RADIUS
    0.10000000E+01
NUM_ALPHAS
             16
ALPHAS
    0.30000000D+00    0.10000000D+07
POTENTIAL_TYPE_ID__SEQUENTIAL_NUMBER
   2   1   1   2
POTENTIAL_TYPE_LABEL
 n1_1                                                                  
NUCLEAR_CHARGE__ALPHA
    0.70000000D+01    0.20000000D+02
COVALENT_RADIUS
    0.10000000E+01
NUM_ALPHAS
             16
ALPHAS
    0.25000000D+00    0.10000000D+07
PRINT_XC_MESH
              0
NUM_ANGULAR_SAMPLE_VECTORS
            100
WTIN_WTOUT
    0.50000000D+00    0.50000000D+00
RADIAL_SAMPLE-IN_OUT_SPACING
    0.10000000D+00    0.35000000D+01    0.80000000D+00
SHARED_INPUT_DATA
BASISFUNCTION_AND_ELECTROSTATIC_CUTOFFS
              0.10000000E-15              0.10000000E-15
Maximum basisFunction threshold =  0.36841E+02
Maximum electroStatic threshold =  0.36841E+02
NUM_STATES_TO_USE
    0.64000000D+02    0.12800000D+03    0.16000000D+03
 Using          128  states.
NUM_ELECTRONS
             64
THERMAL_SMEARING_SIGMA__SIGMA_CUTOFF
              0.00000000E+00              0.11500000E+02
FERMI_LEVEL_SEARCH_LIMIT
    0.13600000E+02
MAIN_INPUT_DATA
LAST_ITERATION
             50
CONVERGENCE_TEST
    0.10000000E-03
XC_CODE
            100
FEEDBACK_LEVEL
              2
RELAXATION_FACTOR
    0.20000000E+00
EACH_ITER_FLAGS__TDOS
              0
PLUSUJ_FORM__NUM_ITEMS
              0              0
ID__U__J
NUM_SPLIT_TYPES__DEFAULT_SPLIT
    0              0.10000000E-01
TYPE_ID__SPIN_SPLIT_FACTOR
DOS_INPUT_DATA
              0.10000000E-01              0.10000000E+00
             -0.30000000E+02              0.30000000E+02
              0
BOND_INPUT_DATA
    0.35000000E+01
              0.10000000E-01              0.10000000E+00
             -0.30000000E+02              0.30000000E+02
              0
              0
             20
SYBD_INPUT_DATA
              7            300              0
 Number of high symmetry K-Points =            7
 Number of path K-Points          =          300
 1 = cart, 0 = fract:             =            0
    0.00000000D+00    0.00000000D+00    0.00000000D+00
    0.50000000D+00    0.00000000D+00    0.50000000D+00
    0.50000000D+00    0.25000000D+00    0.75000000D+00
    0.50000000D+00    0.50000000D+00    0.50000000D+00
    0.00000000D+00    0.00000000D+00    0.00000000D+00
    0.37500000D+00    0.37500000D+00    0.75000000D+00
    0.50000000D+00    0.50000000D+00    0.10000000D+01
PACS_INPUT_DATA
              0
              0.10000000E-01              0.50000000E+00
              0.50000000E+01              0.50000000E+02
              0
OPTC_INPUT_DATA
    0.45000000E+02
    0.10000000E+03
    0.10000000E-01
    0.10000000E+00
SIGE_INPUT_DATA
    0.50000000E+01
    0.30000000E+00
    0.10000000E-02
    0.10000000E+00
WAVE_INPUT_DATA
  10  10  10
             -0.10000000E+06              0.10000000E+06
              0
              1
CELL_VECTORS
    0.00000000D+00    0.68330606D+01    0.68330606D+01
    0.68330606D+01    0.00000000D+00    0.68330606D+01
    0.68330606D+01    0.68330606D+01    0.00000000D+00
NUM_ATOM_SITES
             16
NUM_TYPE_X_Y_Z_ELEM
    1     1         1.70826515         1.70826515         1.70826515 b 
    2     1         5.12479545         5.12479545         1.70826515 b 
    3     1         5.12479545         1.70826515         5.12479545 b 
    4     1         8.54132575         5.12479545         5.12479545 b 
    5     1         1.70826515         5.12479545         5.12479545 b 
    6     1         5.12479545         8.54132575         5.12479545 b 
    7     1         5.12479545         5.12479545         8.54132575 b 
    8     1         8.54132575         8.54132575         8.54132575 b 
    9     2         0.00000000         0.00000000         0.00000000 n 
   10     2         3.41653030         3.41653030         0.00000000 n 
   11     2         3.41653030         0.00000000         3.41653030 n 
   12     2         6.83306060         3.41653030         3.41653030 n 
   13     2         0.00000000         3.41653030         3.41653030 n 
   14     2         3.41653030         6.83306060         3.41653030 n 
   15     2         3.41653030         3.41653030         6.83306060 n 
   16     2         6.83306060         6.83306060         6.83306060 n 
NUM_POTENTIAL_SITES
             16
NUM_TYPE_X_Y_Z_ELEM
    1     1         1.70826515         1.70826515         1.70826515 b 
    2     1         5.12479545         5.12479545         1.70826515 b 
    3     1         5.12479545         1.70826515         5.12479545 b 
    4     1         8.54132575         5.12479545         5.12479545 b 
    5     1         1.70826515         5.12479545         5.12479545 b 
    6     1         5.12479545         8.54132575         5.12479545 b 
    7     1         5.12479545         5.12479545         8.54132575 b 
    8     1         8.54132575         8.54132575         8.54132575 b 
    9     2         0.00000000         0.00000000         0.00000000 n 
   10     2         3.41653030         3.41653030         0.00000000 n 
   11     2         3.41653030         0.00000000         3.41653030 n 
   12     2         6.83306060         3.41653030         3.41653030 n 
   13     2         0.00000000         3.41653030         3.41653030 n 
   14     2         3.41653030         6.83306060         3.41653030 n 
   15     2         3.41653030         3.41653030         6.83306060 n 
   16     2         6.83306060         6.83306060         6.83306060 n 
NUM_BLOCH_VECTORS
              4
NUM_WEIGHT_KA_KB_KC
    1      0.25000000     0.12500000     0.12500000     0.12500000
    2      0.75000000     0.12500000     0.12500000     0.62500000
    3      0.75000000     0.12500000     0.62500000     0.62500000
    4      0.25000000     0.62500000     0.62500000     0.62500000
 
Date is: 2019/06/13 Time is: 20:39:43.303
***************  Parse Input Files  ***************
***************************************************
 
 
***************************************************
***********  Get Implicit Information  ************
Date is: 2019/06/13 Time is: 20:39:43.303
 
Smallest Atomic    Alpha =  0.12000E+00
Valence Dimension   =   128
Core    Dimension   =    16
Maximum Dimension   =   128
Potential Dimension      =    32
Smallest Potential Alpha =  0.25000E+00
Largest  Potential Alpha =  0.10000E+07
The real  cell volume is:  0.63808E+03
The recip cell volume is:  0.38874E+00
 The recip lattice vectors are: 
   -0.45976362D+00    0.45976362D+00    0.45976362D+00
    0.45976362D+00   -0.45976362D+00    0.45976362D+00
    0.45976362D+00    0.45976362D+00   -0.45976362D+00
 Kpoints in x,y,z cartesian form in recip space cell are:
    1     0.05747045     0.05747045     0.05747045
    2     0.28735226     0.28735226    -0.17241136
    3     0.51723407     0.05747045     0.05747045
    4     0.28735226     0.28735226     0.28735226
 
Date is: 2019/06/13 Time is: 20:39:43.405
***********  Get Implicit Information  ************
***************************************************
 
 
***************************************************
************  Lattice Initialization  *************
Date is: 2019/06/13 Time is: 20:39:43.406
 
 The number of real  lattice points is:           415
 The number of recip lattice points is:          2611
 
Date is: 2019/06/13 Time is: 20:39:43.406
************  Lattice Initialization  *************
***************************************************
 
 
***************************************************
****  Init. Lattice Vector Finding Structures  ****
Date is: 2019/06/13 Time is: 20:39:43.407
 
 
Date is: 2019/06/13 Time is: 20:39:43.423
****  Init. Lattice Vector Finding Structures  ****
***************************************************
 
 
***************************************************
******  Get Exchange Correlation Mesh Counts  *****
Date is: 2019/06/13 Time is: 20:39:43.423
 
.........|...... 
Date is: 2019/06/13 Time is: 20:39:43.438
******  Get Exchange Correlation Mesh Counts  *****
***************************************************
 
 
***************************************************
***********  Initialize Setup HDF5 File  **********
Date is: 2019/06/13 Time is: 20:39:43.438
 
 
Date is: 2019/06/13 Time is: 20:39:43.448
***********  Initialize Setup HDF5 File  **********
***************************************************
 
 
***************************************************
*********  Make Exchange Correlation Mesh  ********
Date is: 2019/06/13 Time is: 20:39:43.449
 
.........|...... 
Date is: 2019/06/13 Time is: 20:39:44.098
*********  Make Exchange Correlation Mesh  ********
***************************************************
 
 
***************************************************
***************  Overlap Integrals  ***************
Date is: 2019/06/13 Time is: 20:39:44.098
 
 
Date is: 2019/06/13 Time is: 20:39:44.161
***************  Overlap Integrals  ***************
***************************************************
 
 
***************************************************
************  Kinetic Energy Integrals  ***********
Date is: 2019/06/13 Time is: 20:39:44.162
 
 
Date is: 2019/06/13 Time is: 20:39:44.230
************  Kinetic Energy Integrals  ***********
***************************************************
 
 
***************************************************
**********  Nuclear Potential Integrals  **********
Date is: 2019/06/13 Time is: 20:39:44.230
 
 
Date is: 2019/06/13 Time is: 20:39:45.663
**********  Nuclear Potential Integrals  **********
***************************************************
 
 
***************************************************
*********  Electronic Potential Integrals  ********
Date is: 2019/06/13 Time is: 20:39:45.663
 
.........|.........|.........|.. 
Date is: 2019/06/13 Time is: 20:39:58.933
*********  Electronic Potential Integrals  ********
***************************************************
 
 
***************************************************
**************  Core Charge Density  **************
Date is: 2019/06/13 Time is: 20:39:58.933
 
 Core rho before correction for type            1  =    1.99131128125748     
 Fitted core rho after correction1 for type            1  = 
   2.00000000000000     
 Core rho before correction for type            2  =    2.01149865884320     
 Fitted core rho after correction1 for type            2  = 
   2.00000000000000     
 
Date is: 2019/06/13 Time is: 20:39:58.935
**************  Core Charge Density  **************
***************************************************
 
 
***************************************************
*************  Electrostatic Matrices  ************
Date is: 2019/06/13 Time is: 20:39:58.935
 
.........|...... 
 
Date is: 2019/06/13 Time is: 20:39:58.954
*************  Electrostatic Matrices  ************
***************************************************
 
